Started GET "/api/v1/reviews" for 127.0.0.1 at 2017-10-24 09:51:18 -0400
Processing by Api::V1::ReviewsController#index as HTML
Completed 500 Internal Server Error in 152ms


  
NameError (uninitialized constant Api::V1::ReviewsController::Review):
  
app/controllers/api/v1/reviews_controller.rb:5:in `index'
Started GET "/favicon.ico" for 127.0.0.1 at 2017-10-24 09:51:18 -0400
  
ActionController::RoutingError (No route matches [GET] "/favicon.ico"):
  
actionpack (5.1.4) lib/action_dispatch/middleware/debug_exceptions.rb:63:in `call'
actionpack (5.1.4) lib/action_dispatch/middleware/show_exceptions.rb:31:in `call'
railties (5.1.4) lib/rails/rack/logger.rb:36:in `call_app'
railties (5.1.4) lib/rails/rack/logger.rb:24:in `block in call'
activesupport (5.1.4) lib/active_support/tagged_logging.rb:69:in `block in tagged'
activesupport (5.1.4) lib/active_support/tagged_logging.rb:26:in `tagged'
activesupport (5.1.4) lib/active_support/tagged_logging.rb:69:in `tagged'
railties (5.1.4) lib/rails/rack/logger.rb:24:in `call'
actionpack (5.1.4) lib/action_dispatch/middleware/remote_ip.rb:79:in `call'
actionpack (5.1.4) lib/action_dispatch/middleware/request_id.rb:25:in `call'
rack (2.0.3) lib/rack/runtime.rb:22:in `call'
activesupport (5.1.4) lib/active_support/cache/strategy/local_cache_middleware.rb:27:in `call'
actionpack (5.1.4) lib/action_dispatch/middleware/executor.rb:12:in `call'
actionpack (5.1.4) lib/action_dispatch/middleware/static.rb:125:in `call'
rack (2.0.3) lib/rack/sendfile.rb:111:in `call'
rack-cors (1.0.2) lib/rack/cors.rb:97:in `call'
railties (5.1.4) lib/rails/engine.rb:522:in `call'
puma (3.10.0) lib/puma/configuration.rb:225:in `call'
puma (3.10.0) lib/puma/server.rb:605:in `handle_request'
puma (3.10.0) lib/puma/server.rb:437:in `process_client'
puma (3.10.0) lib/puma/server.rb:301:in `block in run'
puma (3.10.0) lib/puma/thread_pool.rb:120:in `block in spawn_thread'
Started GET "/api/v1/reviews" for 127.0.0.1 at 2017-10-24 09:53:02 -0400
Processing by Api::V1::ReviewsController#index as HTML
Completed 500 Internal Server Error in 3ms


  
NoMethodError (undefined method `all' for Review:Class):
  
app/controllers/api/v1/reviews_controller.rb:5:in `index'
Started GET "/api/v1/reviews" for 127.0.0.1 at 2017-10-24 09:54:13 -0400
Processing by Api::V1::ReviewsController#index as HTML
Completed 500 Internal Server Error in 92ms


  
ActiveRecord::NoDatabaseError (FATAL:  database "coffee_review_app_development" does not exist
):
  
app/controllers/api/v1/reviews_controller.rb:6:in `index'
  [1m[35m (10.4ms)[0m  [1m[35mCREATE TABLE "schema_migrations" ("version" character varying NOT NULL PRIMARY KEY)[0m
  [1m[35m (4.9ms)[0m  [1m[35mCREATE TABLE "ar_internal_metadata" ("key" character varying NOT NULL PRIMARY KEY, "value" character varying, "created_at" timestamp NOT NULL, "updated_at" timestamp NOT NULL)[0m
  [1m[35m (0.6ms)[0m  [1m[34mSELECT pg_try_advisory_lock(244894796100101280)[0m
  [1m[35m (0.7ms)[0m  [1m[34mSELECT "schema_migrations"."version" FROM "schema_migrations" ORDER BY "schema_migrations"."version" ASC[0m
Migrating to CreateReviews (20171024140122)
  [1m[35m (0.2ms)[0m  [1m[35mBEGIN[0m
  [1m[35m (6.0ms)[0m  [1m[35mCREATE TABLE "reviews" ("id" bigserial primary key, "name" character varying, "drink_ordered" character varying, "price" float, "rating" integer)[0m
  [1m[35mSQL (0.8ms)[0m  [1m[32mINSERT INTO "schema_migrations" ("version") VALUES ($1) RETURNING "version"[0m  [["version", "20171024140122"]]
  [1m[35m (0.5ms)[0m  [1m[35mCOMMIT[0m
  [1m[36mActiveRecord::InternalMetadata Load (0.3ms)[0m  [1m[34mSELECT  "ar_internal_metadata".* FROM "ar_internal_metadata" WHERE "ar_internal_metadata"."key" = $1 LIMIT $2[0m  [["key", "environment"], ["LIMIT", 1]]
  [1m[35m (0.1ms)[0m  [1m[35mBEGIN[0m
  [1m[35mSQL (0.6ms)[0m  [1m[32mINSERT INTO "ar_internal_metadata" ("key", "value", "created_at", "updated_at") VALUES ($1, $2, $3, $4) RETURNING "key"[0m  [["key", "environment"], ["value", "development"], ["created_at", "2017-10-24 14:03:35.278152"], ["updated_at", "2017-10-24 14:03:35.278152"]]
  [1m[35m (0.3ms)[0m  [1m[35mCOMMIT[0m
  [1m[35m (0.2ms)[0m  [1m[34mSELECT pg_advisory_unlock(244894796100101280)[0m
  [1m[35m (0.5ms)[0m  [1m[34mSELECT "schema_migrations"."version" FROM "schema_migrations" ORDER BY "schema_migrations"."version" ASC[0m
  [1m[35m (0.8ms)[0m  [1m[34mSELECT "schema_migrations"."version" FROM "schema_migrations" ORDER BY "schema_migrations"."version" ASC[0m
  [1m[35m (1.2ms)[0m  [1m[34mSELECT "schema_migrations"."version" FROM "schema_migrations" ORDER BY "schema_migrations"."version" ASC[0m
  [1m[35m (0.8ms)[0m  [1m[34mSELECT "schema_migrations"."version" FROM "schema_migrations" ORDER BY "schema_migrations"."version" ASC[0m
Started GET "/api/v1/reviews" for 127.0.0.1 at 2017-10-24 10:12:31 -0400
  [1m[35m (1.1ms)[0m  [1m[34mSELECT "schema_migrations"."version" FROM "schema_migrations" ORDER BY "schema_migrations"."version" ASC[0m
Processing by Api::V1::ReviewsController#index as HTML
  [1m[36mReview Load (1.0ms)[0m  [1m[34mSELECT "reviews".* FROM "reviews"[0m
[active_model_serializers] Rendered ActiveModel::Serializer::CollectionSerializer with ActiveModelSerializers::Adapter::Attributes (0.59ms)
Completed 200 OK in 23ms (Views: 17.4ms | ActiveRecord: 3.4ms)


  [1m[35m (0.1ms)[0m  [1m[35mBEGIN[0m
  [1m[35mSQL (0.8ms)[0m  [1m[32mINSERT INTO "reviews" ("name", "drink_ordered", "price", "rating") VALUES ($1, $2, $3, $4) RETURNING "id"[0m  [["name", "dog"], ["drink_ordered", "drink"], ["price", 5.5], ["rating", 5]]
  [1m[35m (8.5ms)[0m  [1m[35mCOMMIT[0m
  [1m[36mReview Load (0.4ms)[0m  [1m[34mSELECT  "reviews".* FROM "reviews" LIMIT $1[0m  [["LIMIT", 11]]
Started GET "/api/v1/reviews" for 127.0.0.1 at 2017-10-24 10:16:25 -0400
  [1m[35m (0.8ms)[0m  [1m[34mSELECT "schema_migrations"."version" FROM "schema_migrations" ORDER BY "schema_migrations"."version" ASC[0m
Processing by Api::V1::ReviewsController#index as HTML
  [1m[36mReview Load (0.7ms)[0m  [1m[34mSELECT "reviews".* FROM "reviews"[0m
No serializer found for resource: #<Review id: 1, name: "dog", drink_ordered: "drink", price: 5.5, rating: 5>
[active_model_serializers] Rendered ActiveModel::Serializer::CollectionSerializer with Review::ActiveRecord_Relation (0.33ms)
Completed 200 OK in 21ms (Views: 12.8ms | ActiveRecord: 5.9ms)


  [1m[35m (0.8ms)[0m  [1m[34mSELECT "schema_migrations"."version" FROM "schema_migrations" ORDER BY "schema_migrations"."version" ASC[0m
  [1m[35m (0.2ms)[0m  [1m[35mBEGIN[0m
  [1m[35mSQL (0.6ms)[0m  [1m[32mINSERT INTO "reviews" ("name", "drink_ordered", "price", "rating") VALUES ($1, $2, $3, $4) RETURNING "id"[0m  [["name", "starbucks"], ["drink_ordered", "ice coffee"], ["price", 5.5], ["rating", 2]]
  [1m[35m (8.5ms)[0m  [1m[35mCOMMIT[0m
  [1m[35m (0.2ms)[0m  [1m[35mBEGIN[0m
  [1m[35mSQL (0.5ms)[0m  [1m[32mINSERT INTO "reviews" ("name", "drink_ordered", "price", "rating") VALUES ($1, $2, $3, $4) RETURNING "id"[0m  [["name", "gregorys"], ["drink_ordered", "latte"], ["price", 4.52], ["rating", 3]]
  [1m[35m (0.5ms)[0m  [1m[35mCOMMIT[0m
  [1m[35m (0.2ms)[0m  [1m[35mBEGIN[0m
  [1m[35mSQL (0.4ms)[0m  [1m[32mINSERT INTO "reviews" ("name", "drink_ordered", "price", "rating") VALUES ($1, $2, $3, $4) RETURNING "id"[0m  [["name", "madan espresso"], ["drink_ordered", "coffee"], ["price", 3.0], ["rating", 2]]
  [1m[35m (0.4ms)[0m  [1m[35mCOMMIT[0m
  [1m[35m (0.1ms)[0m  [1m[35mBEGIN[0m
  [1m[35mSQL (0.4ms)[0m  [1m[32mINSERT INTO "reviews" ("name", "drink_ordered", "price", "rating") VALUES ($1, $2, $3, $4) RETURNING "id"[0m  [["name", "filicori"], ["drink_ordered", "ice coffee"], ["price", 4.12], ["rating", 1]]
  [1m[35m (0.4ms)[0m  [1m[35mCOMMIT[0m
  [1m[35m (0.1ms)[0m  [1m[35mBEGIN[0m
  [1m[35mSQL (0.3ms)[0m  [1m[32mINSERT INTO "reviews" ("name", "drink_ordered", "price", "rating") VALUES ($1, $2, $3, $4) RETURNING "id"[0m  [["name", "blue bottle"], ["drink_ordered", "cortado"], ["price", 4.5], ["rating", 5]]
  [1m[35m (0.3ms)[0m  [1m[35mCOMMIT[0m
Started GET "/api/v1/reviews" for 127.0.0.1 at 2017-10-24 10:19:30 -0400
  [1m[35m (1.2ms)[0m  [1m[34mSELECT "schema_migrations"."version" FROM "schema_migrations" ORDER BY "schema_migrations"."version" ASC[0m
Processing by Api::V1::ReviewsController#index as HTML
  [1m[36mReview Load (0.7ms)[0m  [1m[34mSELECT "reviews".* FROM "reviews"[0m
No serializer found for resource: #<Review id: 1, name: "dog", drink_ordered: "drink", price: 5.5, rating: 5>
[active_model_serializers] Rendered ActiveModel::Serializer::CollectionSerializer with Review::ActiveRecord_Relation (0.94ms)
Completed 200 OK in 26ms (Views: 15.6ms | ActiveRecord: 8.1ms)


